{
  "stats": {
    "suites": 1,
    "tests": 1,
    "passes": 1,
    "pending": 0,
    "failures": 0,
    "start": "2017-10-10T13:15:54.679Z",
    "end": "2017-10-10T13:15:54.689Z",
    "duration": 10,
    "testsRegistered": 1,
    "passPercent": 100,
    "pendingPercent": 0,
    "other": 0,
    "hasOther": false,
    "skipped": 0,
    "hasSkipped": false,
    "passPercentClass": "success",
    "pendingPercentClass": "danger"
  },
  "suites": {
    "title": "",
    "suites": [
      {
        "title": "加法函数的测试",
        "suites": [],
        "tests": [
          {
            "title": "1 加 1 应该等于 2",
            "fullTitle": "加法函数的测试 1 加 1 应该等于 2",
            "timedOut": false,
            "duration": 0,
            "state": "passed",
            "speed": "fast",
            "pass": true,
            "fail": false,
            "pending": false,
            "code": "expect(add(1, 1)).to.be.equal(2);",
            "err": {},
            "isRoot": false,
            "uuid": "1299e628-6d60-4732-9eef-3d1fa6c1e8e2",
            "parentUUID": "21b4c610-fc73-41f3-9c3b-5490c4b15054",
            "isHook": false,
            "skipped": false
          }
        ],
        "pending": [],
        "root": false,
        "_timeout": 20000,
        "file": "/test/add.test.js",
        "uuid": "21b4c610-fc73-41f3-9c3b-5490c4b15054",
        "beforeHooks": [],
        "afterHooks": [],
        "fullFile": "/Users/deryck.xie/Documents/Github/test/nyc/test/add.test.js",
        "passes": [
          {
            "title": "1 加 1 应该等于 2",
            "fullTitle": "加法函数的测试 1 加 1 应该等于 2",
            "timedOut": false,
            "duration": 0,
            "state": "passed",
            "speed": "fast",
            "pass": true,
            "fail": false,
            "pending": false,
            "code": "expect(add(1, 1)).to.be.equal(2);",
            "err": {},
            "isRoot": false,
            "uuid": "1299e628-6d60-4732-9eef-3d1fa6c1e8e2",
            "parentUUID": "21b4c610-fc73-41f3-9c3b-5490c4b15054",
            "isHook": false,
            "skipped": false
          }
        ],
        "failures": [],
        "skipped": [],
        "hasBeforeHooks": false,
        "hasAfterHooks": false,
        "hasTests": true,
        "hasSuites": false,
        "totalTests": 1,
        "totalPasses": 1,
        "totalFailures": 0,
        "totalPending": 0,
        "totalSkipped": 0,
        "hasPasses": true,
        "hasFailures": false,
        "hasPending": false,
        "hasSkipped": false,
        "duration": 0,
        "rootEmpty": false
      }
    ],
    "tests": [],
    "pending": [],
    "root": true,
    "_timeout": 20000,
    "uuid": "c30ea528-47f8-47a9-b34b-6b6354845224",
    "beforeHooks": [],
    "afterHooks": [],
    "fullFile": "",
    "file": "",
    "passes": [],
    "failures": [],
    "skipped": [],
    "hasBeforeHooks": false,
    "hasAfterHooks": false,
    "hasTests": false,
    "hasSuites": true,
    "totalTests": 0,
    "totalPasses": 0,
    "totalFailures": 0,
    "totalPending": 0,
    "totalSkipped": 0,
    "hasPasses": false,
    "hasFailures": false,
    "hasPending": false,
    "hasSkipped": false,
    "duration": 0,
    "rootEmpty": true
  },
  "allTests": [
    {
      "title": "1 加 1 应该等于 2",
      "fullTitle": "加法函数的测试 1 加 1 应该等于 2",
      "timedOut": false,
      "duration": 0,
      "state": "passed",
      "speed": "fast",
      "pass": true,
      "fail": false,
      "pending": false,
      "code": "expect(add(1, 1)).to.be.equal(2);",
      "err": {},
      "isRoot": false,
      "uuid": "1299e628-6d60-4732-9eef-3d1fa6c1e8e2",
      "parentUUID": "21b4c610-fc73-41f3-9c3b-5490c4b15054",
      "isHook": false,
      "skipped": false
    }
  ],
  "allPending": [],
  "allPasses": [
    {
      "title": "1 加 1 应该等于 2",
      "fullTitle": "加法函数的测试 1 加 1 应该等于 2",
      "timedOut": false,
      "duration": 0,
      "state": "passed",
      "speed": "fast",
      "pass": true,
      "fail": false,
      "pending": false,
      "code": "expect(add(1, 1)).to.be.equal(2);",
      "err": {},
      "isRoot": false,
      "uuid": "1299e628-6d60-4732-9eef-3d1fa6c1e8e2",
      "parentUUID": "21b4c610-fc73-41f3-9c3b-5490c4b15054",
      "isHook": false,
      "skipped": false
    }
  ],
  "allFailures": [],
  "copyrightYear": 2017
}